** Message: 12:10:27.357: environement.vala:58: Exporting primary_variable
** Message: 12:10:27.357: environement.vala:59: desktop_environnement XDG_CURRENT_DESKTOP
** Message: 12:10:27.357: environement.vala:150: confir_dirs is null, export : /etc/xdg
** Message: 12:10:27.357: environement.vala:184: Exporting XDG_CONFIG_DIRS
** Message: 12:10:27.357: environement.vala:218: custom_data :
** Message: 12:10:27.357: environement.vala:219: data_dirs :/usr/local/share:/usr/share/raspi-ui-overrides:/usr/share:/usr/share/gdm:/var/lib/menu-xdg
** Message: 12:10:27.358: environement.vala:220: data_dirs not null, export : /usr/local/share:/usr/share/raspi-ui-overrides:/usr/share:/usr/share/gdm:/var/lib/menu-xdg
** Message: 12:10:27.358: environement.vala:225: Exporting XDG_DATA_DIRS
** Message: 12:10:27.386: utils.vala:138: Config system location : /etc/xdg/lxsession/LXDE-pi
** Message: 12:10:27.388: utils.vala:144: System system path location : /etc/xdg/lxsession/LXDE-pi/desktop.conf
** Message: 12:10:27.388: utils.vala:148: Final file used : /etc/xdg/lxsession/LXDE-pi/desktop.conf
** Message: 12:10:27.388: utils.vala:39: Config system location : /etc/xdg/lxsession/LXDE-pi
** Message: 12:10:27.388: utils.vala:45: System system path location : /etc/xdg/lxsession/LXDE-pi/desktop.conf

** (lxsession:769): WARNING **: 12:10:27.391: utils.vala:70: No such file or directory
** Message: 12:10:27.391: settings.vala:540: Key file does not have key “iGtk/ColorScheme” in group “GTK”
** Message: 12:10:27.391: settings.vala:540: Key file does not have key “windows_manager/command” in group “Session”
** Message: 12:10:27.391: settings.vala:540: Key file does not have key “panel/command” in group “Session”
** Message: 12:10:27.391: settings.vala:540: Key file does not have key “dock/command” in group “Session”
** Message: 12:10:27.391: settings.vala:540: Key file does not have key “file_manager/command” in group “Session”
** Message: 12:10:27.391: settings.vala:540: Key file does not have key “desktop_manager/command” in group “Session”
** Message: 12:10:27.391: settings.vala:540: Key file does not have key “launcher_manager/autostart” in group “Session”
** Message: 12:10:27.391: settings.vala:540: Key file does not have key “composite_manager/command” in group “Session”
** Message: 12:10:27.391: settings.vala:540: Key file does not have key “im1/command” in group “Session”
** Message: 12:10:27.391: settings.vala:540: Key file does not have key “im2/command” in group “Session”
** Message: 12:10:27.391: settings.vala:540: Key file does not have key “widget1/command” in group “Session”
** Message: 12:10:27.392: settings.vala:540: Key file does not have key “notification/command” in group “Session”
** Message: 12:10:27.392: settings.vala:540: Key file does not have key “keybindings/command” in group “Session”
** Message: 12:10:27.392: settings.vala:540: Key file does not have key “im_manager/command” in group “Session”
** Message: 12:10:27.392: settings.vala:540: Key file does not have key “screensaver/command” in group “Session”
** Message: 12:10:27.392: settings.vala:540: Key file does not have key “power_manager/command” in group “Session”
** Message: 12:10:27.392: settings.vala:540: Key file does not have key “audio_manager/command” in group “Session”
** Message: 12:10:27.392: settings.vala:540: Key file does not have key “workspace_manager/command” in group “Session”
** Message: 12:10:27.392: settings.vala:540: Key file does not have key “screenshot_manager/command” in group “Session”
** Message: 12:10:27.392: settings.vala:540: Key file does not have key “message_manager/command” in group “Session”
** Message: 12:10:27.392: settings.vala:540: Key file does not have key “upgrade_manager/command” in group “Session”
** Message: 12:10:27.392: settings.vala:540: Key file does not have key “updates_manager/command” in group “Session”
** Message: 12:10:27.392: settings.vala:540: Key file does not have key “updates_manager/timeout” in group “Session”
** Message: 12:10:27.393: settings.vala:540: Key file does not have key “crash_manager/command” in group “Session”
** Message: 12:10:27.393: settings.vala:540: Key file does not have key “crash_manager/dev_mode” in group “Session”
** Message: 12:10:27.393: settings.vala:540: Key file does not have key “crash_manager/timeout” in group “Session”
** Message: 12:10:27.393: settings.vala:540: Key file does not have key “upstart_user_session” in group “Session”
** Message: 12:10:27.393: settings.vala:540: Key file does not have key “proxy_manager/http” in group “Session”
** Message: 12:10:27.393: settings.vala:540: Key file does not have key “a11y/command” in group “Session”
** Message: 12:10:27.393: settings.vala:540: Key file does not have key “xrandr/command” in group “Session”
** Message: 12:10:27.393: settings.vala:540: Key file does not have key “network_gui/command” in group “Session”
** Message: 12:10:27.393: settings.vala:540: Key file does not have key “webbrowser/command” in group “Session”
** Message: 12:10:27.393: settings.vala:540: Key file does not have key “email/command” in group “Session”
** Message: 12:10:27.393: settings.vala:540: Key file does not have key “pdf_reader/command” in group “Session”
** Message: 12:10:27.394: settings.vala:540: Key file does not have key “video_player/command” in group “Session”
** Message: 12:10:27.394: settings.vala:540: Key file does not have key “audio_player/command” in group “Session”
** Message: 12:10:27.394: settings.vala:540: Key file does not have key “images_display/command” in group “Session”
** Message: 12:10:27.394: settings.vala:540: Key file does not have key “text_editor/command” in group “Session”
** Message: 12:10:27.394: settings.vala:540: Key file does not have key “archive/command” in group “Session”
** Message: 12:10:27.394: settings.vala:540: Key file does not have key “charmap/command” in group “Session”
** Message: 12:10:27.394: settings.vala:540: Key file does not have key “calculator/command” in group “Session”
** Message: 12:10:27.394: settings.vala:540: Key file does not have key “spreadsheet/command” in group “Session”
** Message: 12:10:27.394: settings.vala:540: Key file does not have key “bittorent/command” in group “Session”
** Message: 12:10:27.394: settings.vala:540: Key file does not have key “document/command” in group “Session”
** Message: 12:10:27.394: settings.vala:540: Key file does not have key “webcam/command” in group “Session”
** Message: 12:10:27.394: settings.vala:540: Key file does not have key “burn/command” in group “Session”
** Message: 12:10:27.394: settings.vala:540: Key file does not have key “notes/command” in group “Session”
** Message: 12:10:27.394: settings.vala:540: Key file does not have key “disk_utility/command” in group “Session”
** Message: 12:10:27.395: settings.vala:540: Key file does not have key “tasks/command” in group “Session”
** Message: 12:10:27.395: settings.vala:540: Key file does not have group “Keymap”
** Message: 12:10:27.395: settings.vala:540: Key file does not have key “laptop_mode” in group “State”
** Message: 12:10:27.395: settings.vala:540: Key file does not have key “gnome” in group “Dbus”
** Message: 12:10:27.395: settings.vala:540: Key file does not have key “type” in group “Environment”
** Message: 12:10:27.395: settings.vala:540: Key file does not have key “ubuntu_menuproxy” in group “Environment”
** Message: 12:10:27.395: settings.vala:540: Key file does not have key “toolkit_integration” in group “Environment”
** Message: 12:10:27.395: settings.vala:540: Key file does not have key “gtk/overlay_scrollbar_disable” in group “Environment”
** Message: 12:10:27.395: settings.vala:540: Key file does not have key “qt/force_theme” in group “Environment”
** Message: 12:10:27.395: settings.vala:540: Key file does not have key “qt/platform” in group “Environment”
** Message: 12:10:27.396: settings.vala:462: Monitoring: /etc/xdg/lxsession/LXDE-pi/desktop.conf
** Message: 12:10:27.397: settings.vala:470: Desktop file is not in config home, monitoring creation of it
** Message: 12:10:27.397: settings.vala:485: Monitoring home path: /home/pi/.config/lxsession/LXDE-pi/desktop.conf
** Message: 12:10:27.397: environement.vala:79: Exporting variable
** Message: 12:10:27.397: environement.vala:80: desktop_environnement XDG_CURRENT_DESKTOP
** Message: 12:10:27.397: environement.vala:177: custom_config :
** Message: 12:10:27.397: environement.vala:178: config_dirs :/etc/xdg
** Message: 12:10:27.397: environement.vala:179: confir_dirs not null, export : /etc/xdg
** Message: 12:10:27.397: environement.vala:184: Exporting XDG_CONFIG_DIRS
** Message: 12:10:27.397: environement.vala:218: custom_data :
** Message: 12:10:27.397: environement.vala:219: data_dirs :/usr/local/share:/usr/share/raspi-ui-overrides:/usr/share:/usr/share/gdm:/var/lib/menu-xdg
** Message: 12:10:27.398: environement.vala:220: data_dirs not null, export : /usr/local/share:/usr/share/raspi-ui-overrides:/usr/share:/usr/share/gdm:/var/lib/menu-xdg
** Message: 12:10:27.398: environement.vala:225: Exporting XDG_DATA_DIRS
** Message: 12:10:27.398: utils.vala:39: Config system location : /etc/xdg/lxsession/LXDE-pi
** Message: 12:10:27.398: utils.vala:45: System system path location : /etc/xdg/lxsession/LXDE-pi/desktop.conf

** (lxsession:769): WARNING **: 12:10:27.398: utils.vala:70: No such file or directory
** Message: 12:10:27.398: environement.vala:254: No entry in [Environment_variable]. Key file does not have group “Environment_variable”
** Message: 12:10:27.407: utils.vala:138: Config system location : /etc/xdg/lxsession/LXDE-pi
** Message: 12:10:27.407: utils.vala:144: System system path location : /etc/xdg/lxsession/LXDE-pi/conffiles.conf
** Message: 12:10:27.407: utils.vala:148: Final file used : /etc/xdg/lxsession/LXDE-pi/conffiles.conf
** Message: 12:10:27.407: options.vala:164: Activate xsettings_manager build-in
** Message: 12:10:27.407: utils.vala:39: Config system location : /etc/xdg/lxsession/LXDE-pi
** Message: 12:10:27.407: utils.vala:45: System system path location : /etc/xdg/lxsession/LXDE-pi/desktop.conf

** (lxsession:769): WARNING **: 12:10:27.408: utils.vala:70: No such file or directory
xprop:  no such property "_NET_NUMBER_OF_DESKTOPS"
xprop:  no such property "_NET_DESKTOP_NAMES"
** Message: 12:10:27.428: app.vala:721: polkit separate
** Message: 12:10:27.429: app.vala:721: polkit separate
** Message: 12:10:27.439: app.vala:76: Launching lxpolkit 
** Message: 12:10:27.439: utils.vala:138: Config system location : /etc/xdg/lxsession/LXDE-pi
** Message: 12:10:27.439: utils.vala:144: System system path location : /etc/xdg/lxsession/LXDE-pi/autostart
** Message: 12:10:27.439: utils.vala:148: Final file used : /etc/xdg/lxsession/LXDE-pi/autostart
** Message: 12:10:27.439: autostart.vala:42: Autostart path : /etc/xdg/lxsession/LXDE-pi/autostart
** Message: 12:10:27.455: app.vala:76: Launching lxpanel 
** Message: 12:10:27.473: app.vala:76: Launching pcmanfm 

** (lxsession:769): WARNING **: 12:10:27.495: app.vala:86: Failed to execute child process “xscreensaver” (No such file or directory)

** (lxsession:769): WARNING **: 12:10:27.496: app.vala:87: Error when launching xscreensaver
** Message: 12:10:27.507: app.vala:76: Launching point-rpi 
** Message: 12:10:27.517: options.vala:107: Create build-in Clipboard
** Message: 12:10:27.520: main.vala:441: Check keymap_mode (null)
** Message: 12:10:27.524: app.vala:76: Launching /usr/bin/ssh-agent 
SSH_AUTH_SOCK=/tmp/ssh-BPb6B6J1wKwn/agent.922; export SSH_AUTH_SOCK;
SSH_AGENT_PID=924; export SSH_AGENT_PID;
echo Agent pid 924;
** Message: 12:10:27.748: app.vala:130: point-rpi exit with this type of exit: 0
** Message: 12:10:27.748: app.vala:130: /usr/bin/ssh-agent exit with this type of exit: 0
grep: /home/pi/.config/lxpanel/LXDE-pi/panels/*: No such file or directory
Openbox-Message: Unable to find a valid menu file "/usr/share/lxde/openbox/menu.xml"
** Message: 12:10:29.535: Connecting ...
** Message: 12:10:29.535: Status changed to down
xrandr: Failed to get size of gamma for output default
Unit pt-device-manager.service could not be found.

** (lxpanel:916): WARNING **: 12:10:29.736: Battery 0 not found
** Message: 12:10:30.538: Status changed to opened
** Message: 12:10:30.538: Connected to dhcpcd-7.0.8
** Message: 12:10:30.540: Status changed to connected
** Message: 12:10:30.540: wlan0: Associated with IITI_2.4G
** Message: 12:10:30.540: wlan0: Configured 10.205.3.227/21
** Message: 12:10:30.540: wlan0: ROUTERADVERT
** Message: 12:10:30.540: eth0: Link is down
** Message: 12:10:30.542: wlan0: WPA status connected
** Message: 12:10:30.542: wlan0: Received scan results
** Message: 12:11:41.897: wlan0: Received scan results
 --disable-quic --enable-tcp-fast-open --ppapi-flash-path=/usr/lib/chromium-browser/libpepflashplayer.so --ppapi-flash-args=enable_stagevideo_auto=0 --ppapi-flash-version=
libEGL warning: DRI2: failed to authenticate
[1183:1325:0131/121200.567665:ERROR:object_proxy.cc(619)] Failed to call method: org.freedesktop.Notifications.GetCapabilities: object_path= /org/freedesktop/Notifications: org.freedesktop.DBus.Error.ServiceUnknown: The name org.freedesktop.Notifications was not provided by any .service files
[1245:1245:0131/121201.692506:ERROR:sandbox_linux.cc(368)] InitializeSandbox() called with multiple threads in process gpu-process.
** Message: 12:12:41.899: wlan0: Received scan results
** Message: 12:13:41.902: wlan0: Received scan results
** Message: 12:14:41.899: wlan0: Received scan results
** Message: 12:15:41.902: wlan0: Received scan results
** Message: 12:16:41.908: wlan0: Received scan results
** Message: 12:17:41.899: wlan0: Received scan results
** Message: 12:18:41.902: wlan0: Received scan results
** Message: 12:19:41.901: wlan0: Received scan results
** Message: 12:20:41.901: wlan0: Received scan results
** Message: 12:21:41.906: wlan0: Received scan results
** Message: 12:22:41.908: wlan0: Received scan results
** Message: 12:23:41.907: wlan0: Received scan results
** Message: 12:24:41.911: wlan0: Received scan results
** Message: 12:25:41.910: wlan0: Received scan results
** Message: 12:26:41.913: wlan0: Received scan results
